<?xml version="1.0" encoding="UTF-8"?>
<testsuite name="MobileWhenDoTest" tests="1" skipped="0" failures="0" errors="0" timestamp="2020-12-12T03:10:04" hostname="DESKTOP-V1DOD04" time="113.612">
  <properties/>
  <testcase name="createNoteBook" classname="MobileWhenDoTest" time="113.612"/>
  <system-out><![CDATA[]]></system-out>
  <system-err><![CDATA[dic 11, 2020 10:10:14 PM io.appium.java_client.remote.AppiumCommandExecutor$1 lambda$0
INFORMACIÓN: Detected dialect: W3C
]]></system-err>
</testsuite>
